c:\users\honor\source\repos\courseworkver0.09\courseworkver0.09\coursewo.eecd9b84\x64\debug\vc143.pdb
c:\users\honor\source\repos\courseworkver0.09\courseworkver0.09\coursewo.eecd9b84\x64\debug\vc143.idb
c:\users\honor\source\repos\courseworkver0.09\courseworkver0.09\coursewo.eecd9b84\x64\debug\main.obj
c:\users\honor\source\repos\courseworkver0.09\courseworkver0.09\coursewo.eecd9b84\x64\debug\app.obj
c:\users\honor\source\repos\courseworkver0.09\courseworkver0.09\coursewo.eecd9b84\x64\debug\datastorage.obj
c:\users\honor\source\repos\courseworkver0.09\courseworkver0.09\coursewo.eecd9b84\x64\debug\car.obj
c:\users\honor\source\repos\courseworkver0.09\courseworkver0.09\coursewo.eecd9b84\x64\debug\user.obj
c:\users\honor\source\repos\courseworkver0.09\courseworkver0.09\coursewo.eecd9b84\x64\debug\utilities.obj
c:\users\honor\source\repos\courseworkver0.09\courseworkver0.09\x64\debug\courseworkver0.09.pdb
c:\users\honor\source\repos\courseworkver0.09\courseworkver0.09\coursewo.eecd9b84\x64\debug\coursewo.eecd9b84.tlog\cl.command.1.tlog
c:\users\honor\source\repos\courseworkver0.09\courseworkver0.09\coursewo.eecd9b84\x64\debug\coursewo.eecd9b84.tlog\cl.read.1.tlog
c:\users\honor\source\repos\courseworkver0.09\courseworkver0.09\coursewo.eecd9b84\x64\debug\coursewo.eecd9b84.tlog\cl.write.1.tlog
c:\users\honor\source\repos\courseworkver0.09\courseworkver0.09\coursewo.eecd9b84\x64\debug\coursewo.eecd9b84.tlog\link-cvtres.read.1.tlog
c:\users\honor\source\repos\courseworkver0.09\courseworkver0.09\coursewo.eecd9b84\x64\debug\coursewo.eecd9b84.tlog\link-cvtres.write.1.tlog
c:\users\honor\source\repos\courseworkver0.09\courseworkver0.09\coursewo.eecd9b84\x64\debug\coursewo.eecd9b84.tlog\link-rc.read.1.tlog
c:\users\honor\source\repos\courseworkver0.09\courseworkver0.09\coursewo.eecd9b84\x64\debug\coursewo.eecd9b84.tlog\link-rc.write.1.tlog
c:\users\honor\source\repos\courseworkver0.09\courseworkver0.09\coursewo.eecd9b84\x64\debug\coursewo.eecd9b84.tlog\link.command.1.tlog
c:\users\honor\source\repos\courseworkver0.09\courseworkver0.09\coursewo.eecd9b84\x64\debug\coursewo.eecd9b84.tlog\link.read.1.tlog
c:\users\honor\source\repos\courseworkver0.09\courseworkver0.09\coursewo.eecd9b84\x64\debug\coursewo.eecd9b84.tlog\link.read.2.tlog
c:\users\honor\source\repos\courseworkver0.09\courseworkver0.09\coursewo.eecd9b84\x64\debug\coursewo.eecd9b84.tlog\link.read.3.tlog
c:\users\honor\source\repos\courseworkver0.09\courseworkver0.09\coursewo.eecd9b84\x64\debug\coursewo.eecd9b84.tlog\link.read.4.tlog
c:\users\honor\source\repos\courseworkver0.09\courseworkver0.09\coursewo.eecd9b84\x64\debug\coursewo.eecd9b84.tlog\link.write.1.tlog
